<?xml version="1.0" encoding="UTF-8" ?>
<testsuite tests="2" failures="2" name="TestSuite" time="0.603" errors="0" skipped="0">
  <properties>
    <property name="java.runtime.name" value="Java(TM) SE Runtime Environment"/>
    <property name="sun.boot.library.path" value="/Library/Java/JavaVirtualMachines/jdk1.8.0_91.jdk/Contents/Home/jre/lib"/>
    <property name="java.vm.version" value="25.91-b14"/>
    <property name="user.country.format" value="IN"/>
    <property name="gopherProxySet" value="false"/>
    <property name="java.vm.vendor" value="Oracle Corporation"/>
    <property name="maven.multiModuleProjectDirectory" value="/Users/15692/Data/git/personal/coberturawork"/>
    <property name="java.vendor.url" value="http://java.oracle.com/"/>
    <property name="path.separator" value=":"/>
    <property name="guice.disable.misplaced.annotation.check" value="true"/>
    <property name="java.vm.name" value="Java HotSpot(TM) 64-Bit Server VM"/>
    <property name="file.encoding.pkg" value="sun.io"/>
    <property name="user.country" value="US"/>
    <property name="sun.java.launcher" value="SUN_STANDARD"/>
    <property name="sun.os.patch.level" value="unknown"/>
    <property name="java.vm.specification.name" value="Java Virtual Machine Specification"/>
    <property name="user.dir" value="/Users/15692/Data/git/personal/coberturawork"/>
    <property name="java.runtime.version" value="1.8.0_91-b14"/>
    <property name="java.awt.graphicsenv" value="sun.awt.CGraphicsEnvironment"/>
    <property name="java.endorsed.dirs" value="/Library/Java/JavaVirtualMachines/jdk1.8.0_91.jdk/Contents/Home/jre/lib/endorsed"/>
    <property name="os.arch" value="x86_64"/>
    <property name="java.io.tmpdir" value="/var/folders/tv/npm3lxs14l37gt5fth9cfxxjbfpthf/T/"/>
    <property name="line.separator" value="
"/>
    <property name="java.vm.specification.vendor" value="Oracle Corporation"/>
    <property name="os.name" value="Mac OS X"/>
    <property name="net.sourceforge.cobertura.datafile" value="/Users/15692/Data/git/personal/coberturawork/target/cobertura/cobertura.ser"/>
    <property name="classworlds.conf" value="//Users/15692/Data/progs/apache-maven-3.3.9/bin/m2.conf"/>
    <property name="sun.jnu.encoding" value="UTF-8"/>
    <property name="java.library.path" value="/Users/15692/Library/Java/Extensions:/Library/Java/Extensions:/Network/Library/Java/Extensions:/System/Library/Java/Extensions:/usr/lib/java:."/>
    <property name="java.specification.name" value="Java Platform API Specification"/>
    <property name="java.class.version" value="52.0"/>
    <property name="sun.management.compiler" value="HotSpot 64-Bit Tiered Compilers"/>
    <property name="os.version" value="10.11.5"/>
    <property name="http.nonProxyHosts" value="local|*.local|169.254/16|*.169.254/16"/>
    <property name="user.home" value="/Users/15692"/>
    <property name="user.timezone" value="Asia/Kolkata"/>
    <property name="java.awt.printerjob" value="sun.lwawt.macosx.CPrinterJob"/>
    <property name="java.specification.version" value="1.8"/>
    <property name="file.encoding" value="UTF-8"/>
    <property name="user.name" value="15692"/>
    <property name="java.class.path" value="//Users/15692/Data/progs/apache-maven-3.3.9/boot/plexus-classworlds-2.5.2.jar"/>
    <property name="java.vm.specification.version" value="1.8"/>
    <property name="sun.arch.data.model" value="64"/>
    <property name="java.home" value="/Library/Java/JavaVirtualMachines/jdk1.8.0_91.jdk/Contents/Home/jre"/>
    <property name="sun.java.command" value="org.codehaus.plexus.classworlds.launcher.Launcher cobertura:cobertura"/>
    <property name="java.specification.vendor" value="Oracle Corporation"/>
    <property name="user.language" value="en"/>
    <property name="awt.toolkit" value="sun.lwawt.macosx.LWCToolkit"/>
    <property name="java.vm.info" value="mixed mode"/>
    <property name="java.version" value="1.8.0_91"/>
    <property name="java.ext.dirs" value="/Users/15692/Library/Java/Extensions:/Library/Java/JavaVirtualMachines/jdk1.8.0_91.jdk/Contents/Home/jre/lib/ext:/Library/Java/Extensions:/Network/Library/Java/Extensions:/System/Library/Java/Extensions:/usr/lib/java"/>
    <property name="sun.boot.class.path" value="/Library/Java/JavaVirtualMachines/jdk1.8.0_91.jdk/Contents/Home/jre/lib/resources.jar:/Library/Java/JavaVirtualMachines/jdk1.8.0_91.jdk/Contents/Home/jre/lib/rt.jar:/Library/Java/JavaVirtualMachines/jdk1.8.0_91.jdk/Contents/Home/jre/lib/sunrsasign.jar:/Library/Java/JavaVirtualMachines/jdk1.8.0_91.jdk/Contents/Home/jre/lib/jsse.jar:/Library/Java/JavaVirtualMachines/jdk1.8.0_91.jdk/Contents/Home/jre/lib/jce.jar:/Library/Java/JavaVirtualMachines/jdk1.8.0_91.jdk/Contents/Home/jre/lib/charsets.jar:/Library/Java/JavaVirtualMachines/jdk1.8.0_91.jdk/Contents/Home/jre/lib/jfr.jar:/Library/Java/JavaVirtualMachines/jdk1.8.0_91.jdk/Contents/Home/jre/classes"/>
    <property name="java.vendor" value="Oracle Corporation"/>
    <property name="maven.home" value="/Users/15692/Data/progs/apache-maven-3.3.9"/>
    <property name="file.separator" value="/"/>
    <property name="java.vendor.url.bug" value="http://bugreport.sun.com/bugreport/"/>
    <property name="sun.cpu.endian" value="little"/>
    <property name="sun.io.unicode.encoding" value="UnicodeBig"/>
    <property name="project.build.outputDirectory" value="/Users/15692/Data/git/personal/coberturawork/target/generated-classes/cobertura"/>
    <property name="socksNonProxyHosts" value="local|*.local|169.254/16|*.169.254/16"/>
    <property name="ftp.nonProxyHosts" value="local|*.local|169.254/16|*.169.254/16"/>
    <property name="sun.cpu.isalist" value=""/>
  </properties>
  <testcase classname="com.muks.coberturawrk.test1.StudyGroupTest" name="testStudyGroupClass on testStudyGroupClass(com.muks.coberturawrk.test1.StudyGroupTest)" time="0.301">
    <failure message="net.sourceforge.cobertura.coveragedata.TouchCollector.registerClass(Ljava/lang/String;)V" type="java.lang.NoSuchMethodError">java.lang.NoSuchMethodError: net.sourceforge.cobertura.coveragedata.TouchCollector.registerClass(Ljava/lang/String;)V
	at com.muks.coberturawrk.Student.__cobertura_init(Student.java)
	at com.muks.coberturawrk.Student.&lt;clinit&gt;(Student.java)
	at com.muks.coberturawrk.test1.StudyGroupTest.testStudyGroupClass(StudyGroupTest.java:20)
</failure>
    <system-out>Configuring TestNG with: org.apache.maven.surefire.testng.conf.TestNG652Configurator@aec6354
Usage: &lt;main class&gt; [options] The XML suite files to run
  Options:
    -configfailurepolicy
       Configuration failure policy (skip or continue)
    -d
       Output directory
    -dataproviderthreadcount
       Number of threads to use when running data providers
    -excludegroups
       Comma-separated list of group names to  exclude
    -groups
       Comma-separated list of group names to be run
    -junit
       JUnit mode
       Default: false
    -listener
       List of .class files or list of class names implementing ITestListener or
       ISuiteListener
    -methods
       Comma separated of test methods
       Default: []
    -methodselectors
       List of .class files or list of class names implementing IMethodSelector
    -mixed
       Mixed mode - autodetect the type of current test and run it with
       appropriate runner
       Default: false
    -objectfactory
       List of .class files or list of class names implementing
       ITestRunnerFactory
    -parallel
       Parallel mode (methods, tests or classes)
       Possible Values: [tests, methods, classes, instances, none, true, false]
    -port
       The port
    -reporter
       Extended configuration for custom report listener
    -suitename
       Default name of test suite, if not specified in suite definition file or
       source code
    -suitethreadpoolsize
       Size of the thread pool to use to run suites
       Default: 1
    -testclass
       The list of test classes
    -testjar
       A jar file containing the tests
    -testname
       Default name of test, if not specified in suitedefinition file or source
       code
    -testnames
       The list of test names to run
    -testrunfactory, -testRunFactory
       The factory used to create tests
    -threadcount
       Number of threads to use when running tests in parallel
    -usedefaultlisteners
       Whether to use the default listeners
       Default: true
    -log, -verbose
       Level of verbosity
    -xmlpathinjar
       The full path to the xml file inside the jar file (only valid if -testjar
       was specified)
       Default: testng.xml

Configuring TestNG with: org.apache.maven.surefire.testng.conf.TestNG652Configurator@58ceff1
</system-out>
    <system-err>[TestNG] [ERROR] No test suite found. Nothing to run
</system-err>
  </testcase>
  <testcase classname="com.muks.coberturawrk.test2.StudyGrpTest" name="testStudyGroupClass on testStudyGroupClass(com.muks.coberturawrk.test2.StudyGrpTest)" time="0.302">
    <failure message="Could not initialize class com.muks.coberturawrk.Student" type="java.lang.NoClassDefFoundError">java.lang.NoClassDefFoundError: Could not initialize class com.muks.coberturawrk.Student
	at com.muks.coberturawrk.test2.StudyGrpTest.testStudyGroupClass(StudyGrpTest.java:21)
</failure>
  </testcase>
</testsuite>